<?xml version="1.0" encoding="UTF-8"?>
<coverage generated="1695757390143" clover="3.2.0">
  <project timestamp="1695757390143" name="All files">
    <metrics statements="32" coveredstatements="32" conditionals="27" coveredconditionals="25" methods="5" coveredmethods="5" elements="64" coveredelements="62" complexity="0" loc="32" ncloc="32" packages="3" files="3" classes="3"/>
    <package name="Chessboard">
      <metrics statements="13" coveredstatements="13" conditionals="9" coveredconditionals="9" methods="1" coveredmethods="1"/>
      <file name="chessboard.component.js" path="/Users/Finley/RiderProjects/javascript/src/Chessboard/chessboard.component.js">
        <metrics statements="13" coveredstatements="13" conditionals="9" coveredconditionals="9" methods="1" coveredmethods="1"/>
        <line num="1" count="1" type="cond" truecount="1" falsecount="0"/>
        <line num="2" count="2" type="stmt"/>
        <line num="3" count="2" type="stmt"/>
        <line num="4" count="2" type="stmt"/>
        <line num="19" count="2" type="stmt"/>
        <line num="20" count="11" type="stmt"/>
        <line num="21" count="73" type="cond" truecount="2" falsecount="0"/>
        <line num="22" count="38" type="cond" truecount="2" falsecount="0"/>
        <line num="25" count="35" type="cond" truecount="2" falsecount="0"/>
        <line num="28" count="73" type="cond" truecount="2" falsecount="0"/>
        <line num="29" count="11" type="stmt"/>
        <line num="34" count="2" type="stmt"/>
        <line num="36" count="1" type="stmt"/>
      </file>
    </package>
    <package name="FizzBuzz">
      <metrics statements="10" coveredstatements="10" conditionals="12" coveredconditionals="12" methods="3" coveredmethods="3"/>
      <file name="fizzbuzz.component.js" path="/Users/Finley/RiderProjects/javascript/src/FizzBuzz/fizzbuzz.component.js">
        <metrics statements="10" coveredstatements="10" conditionals="12" coveredconditionals="12" methods="3" coveredmethods="3"/>
        <line num="1" count="1" type="stmt"/>
        <line num="2" count="500" type="stmt"/>
        <line num="5" count="1" type="stmt"/>
        <line num="6" count="500" type="stmt"/>
        <line num="7" count="500" type="stmt"/>
        <line num="9" count="500" type="cond" truecount="4" falsecount="0"/>
        <line num="10" count="500" type="cond" truecount="4" falsecount="0"/>
        <line num="11" count="500" type="cond" truecount="4" falsecount="0"/>
        <line num="13" count="500" type="stmt"/>
        <line num="16" count="1" type="stmt"/>
      </file>
    </package>
    <package name="Looping Triangle">
      <metrics statements="9" coveredstatements="9" conditionals="6" coveredconditionals="4" methods="1" coveredmethods="1"/>
      <file name="looping-triangle.component.js" path="/Users/Finley/RiderProjects/javascript/src/Looping Triangle/looping-triangle.component.js">
        <metrics statements="9" coveredstatements="9" conditionals="6" coveredconditionals="4" methods="1" coveredmethods="1"/>
        <line num="2" count="3" type="stmt"/>
        <line num="3" count="3" type="stmt"/>
        <line num="4" count="3" type="cond" truecount="1" falsecount="1"/>
        <line num="5" count="3" type="cond" truecount="1" falsecount="1"/>
        <line num="7" count="3" type="stmt"/>
        <line num="8" count="17" type="stmt"/>
        <line num="9" count="17" type="stmt"/>
        <line num="12" count="3" type="stmt"/>
        <line num="14" count="1" type="stmt"/>
      </file>
    </package>
  </project>
</coverage>
