<?xml version="1.0" encoding="UTF-8"?>
<coverage generated="1695933038792" clover="3.2.0">
  <project timestamp="1695933038792" name="All files">
    <metrics statements="82" coveredstatements="81" conditionals="58" coveredconditionals="54" methods="12" coveredmethods="12" elements="152" coveredelements="147" complexity="0" loc="82" ncloc="82" packages="10" files="10" classes="10"/>
    <package name="Chapter 2.Chessboard">
      <metrics statements="13" coveredstatements="13" conditionals="9" coveredconditionals="9" methods="1" coveredmethods="1"/>
      <file name="chessboard.component.js" path="/Users/Finley/RiderProjects/javascript/src/Eloquent Functions/Chapter 2/Chessboard/chessboard.component.js">
        <metrics statements="13" coveredstatements="13" conditionals="9" coveredconditionals="9" methods="1" coveredmethods="1"/>
        <line num="1" count="1" type="cond" truecount="1" falsecount="0"/>
        <line num="2" count="2" type="stmt"/>
        <line num="3" count="2" type="stmt"/>
        <line num="4" count="2" type="stmt"/>
        <line num="6" count="2" type="stmt"/>
        <line num="7" count="11" type="stmt"/>
        <line num="8" count="73" type="cond" truecount="2" falsecount="0"/>
        <line num="9" count="38" type="cond" truecount="2" falsecount="0"/>
        <line num="12" count="35" type="cond" truecount="2" falsecount="0"/>
        <line num="15" count="73" type="cond" truecount="2" falsecount="0"/>
        <line num="16" count="11" type="stmt"/>
        <line num="21" count="2" type="stmt"/>
        <line num="23" count="1" type="stmt"/>
      </file>
    </package>
    <package name="Chapter 2.FizzBuzz">
      <metrics statements="10" coveredstatements="10" conditionals="12" coveredconditionals="12" methods="3" coveredmethods="3"/>
      <file name="fizzbuzz.component.js" path="/Users/Finley/RiderProjects/javascript/src/Eloquent Functions/Chapter 2/FizzBuzz/fizzbuzz.component.js">
        <metrics statements="10" coveredstatements="10" conditionals="12" coveredconditionals="12" methods="3" coveredmethods="3"/>
        <line num="1" count="1" type="stmt"/>
        <line num="2" count="500" type="stmt"/>
        <line num="5" count="1" type="stmt"/>
        <line num="6" count="500" type="stmt"/>
        <line num="7" count="500" type="stmt"/>
        <line num="9" count="500" type="cond" truecount="4" falsecount="0"/>
        <line num="10" count="500" type="cond" truecount="4" falsecount="0"/>
        <line num="11" count="500" type="cond" truecount="4" falsecount="0"/>
        <line num="13" count="500" type="stmt"/>
        <line num="16" count="1" type="stmt"/>
      </file>
    </package>
    <package name="Chapter 2.Looping Triangle">
      <metrics statements="9" coveredstatements="9" conditionals="6" coveredconditionals="4" methods="1" coveredmethods="1"/>
      <file name="looping-triangle.component.js" path="/Users/Finley/RiderProjects/javascript/src/Eloquent Functions/Chapter 2/Looping Triangle/looping-triangle.component.js">
        <metrics statements="9" coveredstatements="9" conditionals="6" coveredconditionals="4" methods="1" coveredmethods="1"/>
        <line num="2" count="3" type="stmt"/>
        <line num="3" count="3" type="stmt"/>
        <line num="4" count="3" type="cond" truecount="1" falsecount="1"/>
        <line num="5" count="3" type="cond" truecount="1" falsecount="1"/>
        <line num="7" count="3" type="stmt"/>
        <line num="8" count="17" type="stmt"/>
        <line num="9" count="17" type="stmt"/>
        <line num="12" count="3" type="stmt"/>
        <line num="14" count="1" type="stmt"/>
      </file>
    </package>
    <package name="Chapter 3.Count Bs">
      <metrics statements="4" coveredstatements="4" conditionals="0" coveredconditionals="0" methods="1" coveredmethods="1"/>
      <file name="count-bs.component.js" path="/Users/Finley/RiderProjects/javascript/src/Eloquent Functions/Chapter 3/Count Bs/count-bs.component.js">
        <metrics statements="4" coveredstatements="4" conditionals="0" coveredconditionals="0" methods="1" coveredmethods="1"/>
        <line num="1" count="1" type="stmt"/>
        <line num="3" count="1" type="stmt"/>
        <line num="4" count="8" type="stmt"/>
        <line num="6" count="1" type="stmt"/>
      </file>
    </package>
    <package name="Chapter 3.Count Char">
      <metrics statements="8" coveredstatements="8" conditionals="6" coveredconditionals="6" methods="1" coveredmethods="1"/>
      <file name="count-char.component.js" path="/Users/Finley/RiderProjects/javascript/src/Eloquent Functions/Chapter 3/Count Char/count-char.component.js">
        <metrics statements="8" coveredstatements="8" conditionals="6" coveredconditionals="6" methods="1" coveredmethods="1"/>
        <line num="1" count="2" type="stmt"/>
        <line num="2" count="17" type="stmt"/>
        <line num="4" count="17" type="cond" truecount="4" falsecount="0"/>
        <line num="5" count="3" type="stmt"/>
        <line num="8" count="14" type="stmt"/>
        <line num="9" count="138" type="cond" truecount="2" falsecount="0"/>
        <line num="12" count="14" type="stmt"/>
        <line num="14" count="2" type="stmt"/>
      </file>
    </package>
    <package name="Chapter 3.Even or Odd">
      <metrics statements="6" coveredstatements="6" conditionals="3" coveredconditionals="3" methods="1" coveredmethods="1"/>
      <file name="is-even.component.js" path="/Users/Finley/RiderProjects/javascript/src/Eloquent Functions/Chapter 3/Even or Odd/is-even.component.js">
        <metrics statements="6" coveredstatements="6" conditionals="3" coveredconditionals="3" methods="1" coveredmethods="1"/>
        <line num="1" count="1" type="stmt"/>
        <line num="2" count="66" type="cond" truecount="3" falsecount="0"/>
        <line num="4" count="2" type="stmt"/>
        <line num="6" count="2" type="stmt"/>
        <line num="8" count="62" type="stmt"/>
        <line num="11" count="1" type="stmt"/>
      </file>
    </package>
    <package name="Chapter 3.Minimum">
      <metrics statements="8" coveredstatements="7" conditionals="10" coveredconditionals="8" methods="1" coveredmethods="1"/>
      <file name="minimum.component.js" path="/Users/Finley/RiderProjects/javascript/src/Eloquent Functions/Chapter 3/Minimum/minimum.component.js">
        <metrics statements="8" coveredstatements="7" conditionals="10" coveredconditionals="8" methods="1" coveredmethods="1"/>
        <line num="1" count="1" type="stmt"/>
        <line num="2" count="3" type="cond" truecount="4" falsecount="0"/>
        <line num="3" count="2" type="stmt"/>
        <line num="4" count="1" type="cond" truecount="1" falsecount="1"/>
        <line num="5" count="0" type="stmt"/>
        <line num="8" count="1" type="cond" truecount="3" falsecount="1"/>
        <line num="9" count="1" type="stmt"/>
        <line num="12" count="1" type="stmt"/>
      </file>
    </package>
    <package name="Chapter 4.Sum of a Range">
      <metrics statements="5" coveredstatements="5" conditionals="0" coveredconditionals="0" methods="1" coveredmethods="1"/>
      <file name="range-sum.component.js" path="/Users/Finley/RiderProjects/javascript/src/Eloquent Functions/Chapter 4/Sum of a Range/range-sum.component.js">
        <metrics statements="5" coveredstatements="5" conditionals="0" coveredconditionals="0" methods="1" coveredmethods="1"/>
        <line num="1" count="1" type="stmt"/>
        <line num="2" count="1" type="stmt"/>
        <line num="4" count="1" type="stmt"/>
        <line num="5" count="4" type="stmt"/>
        <line num="7" count="1" type="stmt"/>
      </file>
    </package>
    <package name="Chapter 4.Sum of a Range.Range">
      <metrics statements="13" coveredstatements="13" conditionals="12" coveredconditionals="12" methods="1" coveredmethods="1"/>
      <file name="range.component.js" path="/Users/Finley/RiderProjects/javascript/src/Eloquent Functions/Chapter 4/Sum of a Range/Range/range.component.js">
        <metrics statements="13" coveredstatements="13" conditionals="12" coveredconditionals="12" methods="1" coveredmethods="1"/>
        <line num="1" count="2" type="stmt"/>
        <line num="2" count="18" type="stmt"/>
        <line num="3" count="18" type="cond" truecount="4" falsecount="0"/>
        <line num="5" count="18" type="cond" truecount="4" falsecount="0"/>
        <line num="6" count="6" type="stmt"/>
        <line num="8" count="12" type="cond" truecount="2" falsecount="0"/>
        <line num="9" count="4" type="stmt"/>
        <line num="11" count="8" type="cond" truecount="2" falsecount="0"/>
        <line num="12" count="31" type="stmt"/>
        <line num="15" count="13" type="stmt"/>
        <line num="16" count="2" type="stmt"/>
        <line num="19" count="8" type="stmt"/>
        <line num="21" count="2" type="stmt"/>
      </file>
    </package>
    <package name="Chapter 4.Sum of a Range.Sum">
      <metrics statements="6" coveredstatements="6" conditionals="0" coveredconditionals="0" methods="1" coveredmethods="1"/>
      <file name="sum.component.js" path="/Users/Finley/RiderProjects/javascript/src/Eloquent Functions/Chapter 4/Sum of a Range/Sum/sum.component.js">
        <metrics statements="6" coveredstatements="6" conditionals="0" coveredconditionals="0" methods="1" coveredmethods="1"/>
        <line num="1" count="2" type="stmt"/>
        <line num="2" count="8" type="stmt"/>
        <line num="4" count="8" type="stmt"/>
        <line num="5" count="30" type="stmt"/>
        <line num="8" count="8" type="stmt"/>
        <line num="10" count="2" type="stmt"/>
      </file>
    </package>
  </project>
</coverage>
