{"/Users/Finley/RiderProjects/javascript/src/Chessboard/chessboard.component.js": {"path":"/Users/Finley/RiderProjects/javascript/src/Chessboard/chessboard.component.js","statementMap":{"0":{"start":{"line":1,"column":19},"end":{"line":35,"column":1}},"1":{"start":{"line":2,"column":21},"end":{"line":2,"column":23}},"2":{"start":{"line":3,"column":16},"end":{"line":3,"column":19}},"3":{"start":{"line":4,"column":17},"end":{"line":4,"column":20}},"4":{"start":{"line":19,"column":4},"end":{"line":32,"column":5}},"5":{"start":{"line":19,"column":17},"end":{"line":19,"column":18}},"6":{"start":{"line":20,"column":8},"end":{"line":31,"column":9}},"7":{"start":{"line":20,"column":21},"end":{"line":20,"column":22}},"8":{"start":{"line":21,"column":12},"end":{"line":26,"column":13}},"9":{"start":{"line":22,"column":16},"end":{"line":22,"column":55}},"10":{"start":{"line":25,"column":16},"end":{"line":25,"column":55}},"11":{"start":{"line":28,"column":12},"end":{"line":30,"column":13}},"12":{"start":{"line":29,"column":16},"end":{"line":29,"column":34}},"13":{"start":{"line":34,"column":4},"end":{"line":34,"column":22}},"14":{"start":{"line":36,"column":0},"end":{"line":36,"column":28}}},"fnMap":{"0":{"name":"(anonymous_0)","decl":{"start":{"line":1,"column":19},"end":{"line":1,"column":20}},"loc":{"start":{"line":1,"column":40},"end":{"line":35,"column":1}},"line":1}},"branchMap":{"0":{"loc":{"start":{"line":1,"column":20},"end":{"line":1,"column":35}},"type":"default-arg","locations":[{"start":{"line":1,"column":34},"end":{"line":1,"column":35}}],"line":1},"1":{"loc":{"start":{"line":21,"column":12},"end":{"line":26,"column":13}},"type":"if","locations":[{"start":{"line":21,"column":12},"end":{"line":26,"column":13}},{"start":{"line":24,"column":17},"end":{"line":26,"column":13}}],"line":21},"2":{"loc":{"start":{"line":22,"column":30},"end":{"line":22,"column":54}},"type":"cond-expr","locations":[{"start":{"line":22,"column":44},"end":{"line":22,"column":47}},{"start":{"line":22,"column":50},"end":{"line":22,"column":54}}],"line":22},"3":{"loc":{"start":{"line":25,"column":30},"end":{"line":25,"column":54}},"type":"cond-expr","locations":[{"start":{"line":25,"column":44},"end":{"line":25,"column":48}},{"start":{"line":25,"column":51},"end":{"line":25,"column":54}}],"line":25},"4":{"loc":{"start":{"line":28,"column":12},"end":{"line":30,"column":13}},"type":"if","locations":[{"start":{"line":28,"column":12},"end":{"line":30,"column":13}},{"start":{},"end":{}}],"line":28}},"s":{"0":1,"1":2,"2":2,"3":2,"4":2,"5":2,"6":11,"7":11,"8":73,"9":38,"10":35,"11":73,"12":11,"13":2,"14":1},"f":{"0":2},"b":{"0":[1],"1":[38,35],"2":[20,18],"3":[18,17],"4":[11,62]},"_coverageSchema":"1a1c01bbd47fc00a2c39e90264f33305004495a9","hash":"557953ead2cbdf6a71e8f7f0f2219e004669b857"}
,"/Users/Finley/RiderProjects/javascript/src/FizzBuzz/fizzbuzz.component.js": {"path":"/Users/Finley/RiderProjects/javascript/src/FizzBuzz/fizzbuzz.component.js","statementMap":{"0":{"start":{"line":1,"column":17},"end":{"line":3,"column":1}},"1":{"start":{"line":2,"column":4},"end":{"line":2,"column":84}},"2":{"start":{"line":2,"column":55},"end":{"line":2,"column":82}},"3":{"start":{"line":5,"column":26},"end":{"line":14,"column":1}},"4":{"start":{"line":6,"column":19},"end":{"line":6,"column":34}},"5":{"start":{"line":7,"column":19},"end":{"line":7,"column":34}},"6":{"start":{"line":9,"column":4},"end":{"line":9,"column":41}},"7":{"start":{"line":9,"column":26},"end":{"line":9,"column":41}},"8":{"start":{"line":10,"column":4},"end":{"line":10,"column":41}},"9":{"start":{"line":10,"column":26},"end":{"line":10,"column":41}},"10":{"start":{"line":11,"column":4},"end":{"line":11,"column":44}},"11":{"start":{"line":11,"column":25},"end":{"line":11,"column":44}},"12":{"start":{"line":13,"column":4},"end":{"line":13,"column":16}},"13":{"start":{"line":16,"column":0},"end":{"line":16,"column":25}}},"fnMap":{"0":{"name":"(anonymous_0)","decl":{"start":{"line":1,"column":17},"end":{"line":1,"column":18}},"loc":{"start":{"line":1,"column":23},"end":{"line":3,"column":1}},"line":1},"1":{"name":"(anonymous_1)","decl":{"start":{"line":2,"column":45},"end":{"line":2,"column":46}},"loc":{"start":{"line":2,"column":55},"end":{"line":2,"column":82}},"line":2},"2":{"name":"(anonymous_2)","decl":{"start":{"line":5,"column":26},"end":{"line":5,"column":27}},"loc":{"start":{"line":5,"column":44},"end":{"line":14,"column":1}},"line":5}},"branchMap":{"0":{"loc":{"start":{"line":9,"column":4},"end":{"line":9,"column":41}},"type":"if","locations":[{"start":{"line":9,"column":4},"end":{"line":9,"column":41}},{"start":{},"end":{}}],"line":9},"1":{"loc":{"start":{"line":9,"column":7},"end":{"line":9,"column":24}},"type":"binary-expr","locations":[{"start":{"line":9,"column":7},"end":{"line":9,"column":13}},{"start":{"line":9,"column":17},"end":{"line":9,"column":24}}],"line":9},"2":{"loc":{"start":{"line":10,"column":4},"end":{"line":10,"column":41}},"type":"if","locations":[{"start":{"line":10,"column":4},"end":{"line":10,"column":41}},{"start":{},"end":{}}],"line":10},"3":{"loc":{"start":{"line":10,"column":7},"end":{"line":10,"column":24}},"type":"binary-expr","locations":[{"start":{"line":10,"column":7},"end":{"line":10,"column":14}},{"start":{"line":10,"column":18},"end":{"line":10,"column":24}}],"line":10},"4":{"loc":{"start":{"line":11,"column":4},"end":{"line":11,"column":44}},"type":"if","locations":[{"start":{"line":11,"column":4},"end":{"line":11,"column":44}},{"start":{},"end":{}}],"line":11},"5":{"loc":{"start":{"line":11,"column":7},"end":{"line":11,"column":23}},"type":"binary-expr","locations":[{"start":{"line":11,"column":7},"end":{"line":11,"column":13}},{"start":{"line":11,"column":17},"end":{"line":11,"column":23}}],"line":11}},"s":{"0":1,"1":5,"2":500,"3":1,"4":500,"5":500,"6":500,"7":135,"8":500,"9":70,"10":500,"11":30,"12":500,"13":1},"f":{"0":5,"1":500,"2":500},"b":{"0":[135,365],"1":[500,165],"2":[70,430],"3":[500,335],"4":[30,470],"5":[500,165]},"_coverageSchema":"1a1c01bbd47fc00a2c39e90264f33305004495a9","hash":"330574036ffe991124156664a3a00e8f23c5541d"}
,"/Users/Finley/RiderProjects/javascript/src/Looping Triangle/looping-triangle.component.js": {"path":"/Users/Finley/RiderProjects/javascript/src/Looping Triangle/looping-triangle.component.js","statementMap":{"0":{"start":{"line":2,"column":12},"end":{"line":2,"column":13}},"1":{"start":{"line":3,"column":15},"end":{"line":3,"column":17}},"2":{"start":{"line":4,"column":4},"end":{"line":4,"column":56}},"3":{"start":{"line":5,"column":4},"end":{"line":5,"column":58}},"4":{"start":{"line":7,"column":4},"end":{"line":10,"column":5}},"5":{"start":{"line":8,"column":8},"end":{"line":8,"column":43}},"6":{"start":{"line":9,"column":8},"end":{"line":9,"column":12}},"7":{"start":{"line":12,"column":4},"end":{"line":12,"column":16}},"8":{"start":{"line":14,"column":0},"end":{"line":14,"column":33}}},"fnMap":{"0":{"name":"LoopingTriangle","decl":{"start":{"line":1,"column":9},"end":{"line":1,"column":24}},"loc":{"start":{"line":1,"column":57},"end":{"line":13,"column":1}},"line":1}},"branchMap":{"0":{"loc":{"start":{"line":1,"column":25},"end":{"line":1,"column":38}},"type":"default-arg","locations":[{"start":{"line":1,"column":37},"end":{"line":1,"column":38}}],"line":1},"1":{"loc":{"start":{"line":1,"column":40},"end":{"line":1,"column":55}},"type":"default-arg","locations":[{"start":{"line":1,"column":52},"end":{"line":1,"column":55}}],"line":1},"2":{"loc":{"start":{"line":4,"column":16},"end":{"line":4,"column":55}},"type":"cond-expr","locations":[{"start":{"line":4,"column":42},"end":{"line":4,"column":43}},{"start":{"line":4,"column":46},"end":{"line":4,"column":55}}],"line":4},"3":{"loc":{"start":{"line":5,"column":16},"end":{"line":5,"column":57}},"type":"cond-expr","locations":[{"start":{"line":5,"column":42},"end":{"line":5,"column":45}},{"start":{"line":5,"column":48},"end":{"line":5,"column":57}}],"line":5}},"s":{"0":3,"1":3,"2":3,"3":3,"4":3,"5":17,"6":17,"7":3,"8":1},"f":{"0":3},"b":{"0":[2],"1":[2],"2":[0,3],"3":[0,3]},"_coverageSchema":"1a1c01bbd47fc00a2c39e90264f33305004495a9","hash":"e39fec8993914aeb321f57f754a3467242c5ecd9"}
}
