{"/Users/Finley/RiderProjects/javascript/src/Eloquent Functions/Chapter 2/Chessboard/chessboard.component.js": {"path":"/Users/Finley/RiderProjects/javascript/src/Eloquent Functions/Chapter 2/Chessboard/chessboard.component.js","statementMap":{"0":{"start":{"line":1,"column":19},"end":{"line":22,"column":1}},"1":{"start":{"line":2,"column":21},"end":{"line":2,"column":23}},"2":{"start":{"line":3,"column":16},"end":{"line":3,"column":19}},"3":{"start":{"line":4,"column":17},"end":{"line":4,"column":20}},"4":{"start":{"line":6,"column":4},"end":{"line":19,"column":5}},"5":{"start":{"line":6,"column":17},"end":{"line":6,"column":18}},"6":{"start":{"line":7,"column":8},"end":{"line":18,"column":9}},"7":{"start":{"line":7,"column":21},"end":{"line":7,"column":22}},"8":{"start":{"line":8,"column":12},"end":{"line":13,"column":13}},"9":{"start":{"line":9,"column":16},"end":{"line":9,"column":55}},"10":{"start":{"line":12,"column":16},"end":{"line":12,"column":55}},"11":{"start":{"line":15,"column":12},"end":{"line":17,"column":13}},"12":{"start":{"line":16,"column":16},"end":{"line":16,"column":34}},"13":{"start":{"line":21,"column":4},"end":{"line":21,"column":22}},"14":{"start":{"line":23,"column":0},"end":{"line":23,"column":28}}},"fnMap":{"0":{"name":"(anonymous_0)","decl":{"start":{"line":1,"column":19},"end":{"line":1,"column":20}},"loc":{"start":{"line":1,"column":40},"end":{"line":22,"column":1}},"line":1}},"branchMap":{"0":{"loc":{"start":{"line":1,"column":20},"end":{"line":1,"column":35}},"type":"default-arg","locations":[{"start":{"line":1,"column":34},"end":{"line":1,"column":35}}],"line":1},"1":{"loc":{"start":{"line":8,"column":12},"end":{"line":13,"column":13}},"type":"if","locations":[{"start":{"line":8,"column":12},"end":{"line":13,"column":13}},{"start":{"line":11,"column":17},"end":{"line":13,"column":13}}],"line":8},"2":{"loc":{"start":{"line":9,"column":30},"end":{"line":9,"column":54}},"type":"cond-expr","locations":[{"start":{"line":9,"column":44},"end":{"line":9,"column":47}},{"start":{"line":9,"column":50},"end":{"line":9,"column":54}}],"line":9},"3":{"loc":{"start":{"line":12,"column":30},"end":{"line":12,"column":54}},"type":"cond-expr","locations":[{"start":{"line":12,"column":44},"end":{"line":12,"column":48}},{"start":{"line":12,"column":51},"end":{"line":12,"column":54}}],"line":12},"4":{"loc":{"start":{"line":15,"column":12},"end":{"line":17,"column":13}},"type":"if","locations":[{"start":{"line":15,"column":12},"end":{"line":17,"column":13}},{"start":{},"end":{}}],"line":15}},"s":{"0":1,"1":2,"2":2,"3":2,"4":2,"5":2,"6":11,"7":11,"8":73,"9":38,"10":35,"11":73,"12":11,"13":2,"14":1},"f":{"0":2},"b":{"0":[1],"1":[38,35],"2":[20,18],"3":[18,17],"4":[11,62]},"_coverageSchema":"1a1c01bbd47fc00a2c39e90264f33305004495a9","hash":"f112d645cbf66cfa63d0d07ae82d2c5a5207ed0a"}
,"/Users/Finley/RiderProjects/javascript/src/Eloquent Functions/Chapter 2/FizzBuzz/fizzbuzz.component.js": {"path":"/Users/Finley/RiderProjects/javascript/src/Eloquent Functions/Chapter 2/FizzBuzz/fizzbuzz.component.js","statementMap":{"0":{"start":{"line":1,"column":17},"end":{"line":3,"column":1}},"1":{"start":{"line":2,"column":4},"end":{"line":2,"column":84}},"2":{"start":{"line":2,"column":55},"end":{"line":2,"column":82}},"3":{"start":{"line":5,"column":26},"end":{"line":14,"column":1}},"4":{"start":{"line":6,"column":19},"end":{"line":6,"column":34}},"5":{"start":{"line":7,"column":19},"end":{"line":7,"column":34}},"6":{"start":{"line":9,"column":4},"end":{"line":9,"column":41}},"7":{"start":{"line":9,"column":26},"end":{"line":9,"column":41}},"8":{"start":{"line":10,"column":4},"end":{"line":10,"column":41}},"9":{"start":{"line":10,"column":26},"end":{"line":10,"column":41}},"10":{"start":{"line":11,"column":4},"end":{"line":11,"column":44}},"11":{"start":{"line":11,"column":25},"end":{"line":11,"column":44}},"12":{"start":{"line":13,"column":4},"end":{"line":13,"column":16}},"13":{"start":{"line":16,"column":0},"end":{"line":16,"column":25}}},"fnMap":{"0":{"name":"(anonymous_0)","decl":{"start":{"line":1,"column":17},"end":{"line":1,"column":18}},"loc":{"start":{"line":1,"column":23},"end":{"line":3,"column":1}},"line":1},"1":{"name":"(anonymous_1)","decl":{"start":{"line":2,"column":45},"end":{"line":2,"column":46}},"loc":{"start":{"line":2,"column":55},"end":{"line":2,"column":82}},"line":2},"2":{"name":"(anonymous_2)","decl":{"start":{"line":5,"column":26},"end":{"line":5,"column":27}},"loc":{"start":{"line":5,"column":44},"end":{"line":14,"column":1}},"line":5}},"branchMap":{"0":{"loc":{"start":{"line":9,"column":4},"end":{"line":9,"column":41}},"type":"if","locations":[{"start":{"line":9,"column":4},"end":{"line":9,"column":41}},{"start":{},"end":{}}],"line":9},"1":{"loc":{"start":{"line":9,"column":7},"end":{"line":9,"column":24}},"type":"binary-expr","locations":[{"start":{"line":9,"column":7},"end":{"line":9,"column":13}},{"start":{"line":9,"column":17},"end":{"line":9,"column":24}}],"line":9},"2":{"loc":{"start":{"line":10,"column":4},"end":{"line":10,"column":41}},"type":"if","locations":[{"start":{"line":10,"column":4},"end":{"line":10,"column":41}},{"start":{},"end":{}}],"line":10},"3":{"loc":{"start":{"line":10,"column":7},"end":{"line":10,"column":24}},"type":"binary-expr","locations":[{"start":{"line":10,"column":7},"end":{"line":10,"column":14}},{"start":{"line":10,"column":18},"end":{"line":10,"column":24}}],"line":10},"4":{"loc":{"start":{"line":11,"column":4},"end":{"line":11,"column":44}},"type":"if","locations":[{"start":{"line":11,"column":4},"end":{"line":11,"column":44}},{"start":{},"end":{}}],"line":11},"5":{"loc":{"start":{"line":11,"column":7},"end":{"line":11,"column":23}},"type":"binary-expr","locations":[{"start":{"line":11,"column":7},"end":{"line":11,"column":13}},{"start":{"line":11,"column":17},"end":{"line":11,"column":23}}],"line":11}},"s":{"0":1,"1":5,"2":500,"3":1,"4":500,"5":500,"6":500,"7":135,"8":500,"9":70,"10":500,"11":30,"12":500,"13":1},"f":{"0":5,"1":500,"2":500},"b":{"0":[135,365],"1":[500,165],"2":[70,430],"3":[500,335],"4":[30,470],"5":[500,165]},"_coverageSchema":"1a1c01bbd47fc00a2c39e90264f33305004495a9","hash":"b1c8b228c855785212b5c19ac5579f0a9c1891e2"}
,"/Users/Finley/RiderProjects/javascript/src/Eloquent Functions/Chapter 2/Looping Triangle/looping-triangle.component.js": {"path":"/Users/Finley/RiderProjects/javascript/src/Eloquent Functions/Chapter 2/Looping Triangle/looping-triangle.component.js","statementMap":{"0":{"start":{"line":2,"column":12},"end":{"line":2,"column":13}},"1":{"start":{"line":3,"column":15},"end":{"line":3,"column":17}},"2":{"start":{"line":4,"column":4},"end":{"line":4,"column":56}},"3":{"start":{"line":5,"column":4},"end":{"line":5,"column":58}},"4":{"start":{"line":7,"column":4},"end":{"line":10,"column":5}},"5":{"start":{"line":8,"column":8},"end":{"line":8,"column":43}},"6":{"start":{"line":9,"column":8},"end":{"line":9,"column":12}},"7":{"start":{"line":12,"column":4},"end":{"line":12,"column":16}},"8":{"start":{"line":14,"column":0},"end":{"line":14,"column":33}}},"fnMap":{"0":{"name":"LoopingTriangle","decl":{"start":{"line":1,"column":9},"end":{"line":1,"column":24}},"loc":{"start":{"line":1,"column":57},"end":{"line":13,"column":1}},"line":1}},"branchMap":{"0":{"loc":{"start":{"line":1,"column":25},"end":{"line":1,"column":38}},"type":"default-arg","locations":[{"start":{"line":1,"column":37},"end":{"line":1,"column":38}}],"line":1},"1":{"loc":{"start":{"line":1,"column":40},"end":{"line":1,"column":55}},"type":"default-arg","locations":[{"start":{"line":1,"column":52},"end":{"line":1,"column":55}}],"line":1},"2":{"loc":{"start":{"line":4,"column":16},"end":{"line":4,"column":55}},"type":"cond-expr","locations":[{"start":{"line":4,"column":42},"end":{"line":4,"column":43}},{"start":{"line":4,"column":46},"end":{"line":4,"column":55}}],"line":4},"3":{"loc":{"start":{"line":5,"column":16},"end":{"line":5,"column":57}},"type":"cond-expr","locations":[{"start":{"line":5,"column":42},"end":{"line":5,"column":45}},{"start":{"line":5,"column":48},"end":{"line":5,"column":57}}],"line":5}},"s":{"0":3,"1":3,"2":3,"3":3,"4":3,"5":17,"6":17,"7":3,"8":1},"f":{"0":3},"b":{"0":[2],"1":[2],"2":[0,3],"3":[0,3]},"_coverageSchema":"1a1c01bbd47fc00a2c39e90264f33305004495a9","hash":"97664b7e8bf1a9db068893a667fbc1af0cc0004a"}
,"/Users/Finley/RiderProjects/javascript/src/Eloquent Functions/Chapter 3/Count Bs/count-bs.component.js": {"path":"/Users/Finley/RiderProjects/javascript/src/Eloquent Functions/Chapter 3/Count Bs/count-bs.component.js","statementMap":{"0":{"start":{"line":1,"column":18},"end":{"line":1,"column":63}},"1":{"start":{"line":3,"column":16},"end":{"line":5,"column":1}},"2":{"start":{"line":4,"column":4},"end":{"line":4,"column":39}},"3":{"start":{"line":6,"column":0},"end":{"line":6,"column":25}}},"fnMap":{"0":{"name":"(anonymous_0)","decl":{"start":{"line":3,"column":16},"end":{"line":3,"column":17}},"loc":{"start":{"line":3,"column":33},"end":{"line":5,"column":1}},"line":3}},"branchMap":{},"s":{"0":1,"1":1,"2":8,"3":1},"f":{"0":8},"b":{},"_coverageSchema":"1a1c01bbd47fc00a2c39e90264f33305004495a9","hash":"e042ffc4aa502ddbb95281ca3a10628b6fecd525"}
,"/Users/Finley/RiderProjects/javascript/src/Eloquent Functions/Chapter 3/Count Char/count-char.component.js": {"path":"/Users/Finley/RiderProjects/javascript/src/Eloquent Functions/Chapter 3/Count Char/count-char.component.js","statementMap":{"0":{"start":{"line":1,"column":18},"end":{"line":13,"column":1}},"1":{"start":{"line":2,"column":20},"end":{"line":2,"column":21}},"2":{"start":{"line":4,"column":4},"end":{"line":6,"column":5}},"3":{"start":{"line":5,"column":8},"end":{"line":5,"column":25}},"4":{"start":{"line":8,"column":4},"end":{"line":10,"column":5}},"5":{"start":{"line":8,"column":17},"end":{"line":8,"column":18}},"6":{"start":{"line":9,"column":8},"end":{"line":9,"column":53}},"7":{"start":{"line":12,"column":4},"end":{"line":12,"column":21}},"8":{"start":{"line":14,"column":0},"end":{"line":14,"column":27}}},"fnMap":{"0":{"name":"(anonymous_0)","decl":{"start":{"line":1,"column":18},"end":{"line":1,"column":19}},"loc":{"start":{"line":1,"column":41},"end":{"line":13,"column":1}},"line":1}},"branchMap":{"0":{"loc":{"start":{"line":4,"column":4},"end":{"line":6,"column":5}},"type":"if","locations":[{"start":{"line":4,"column":4},"end":{"line":6,"column":5}},{"start":{},"end":{}}],"line":4},"1":{"loc":{"start":{"line":4,"column":7},"end":{"line":4,"column":40}},"type":"binary-expr","locations":[{"start":{"line":4,"column":7},"end":{"line":4,"column":18}},{"start":{"line":4,"column":22},"end":{"line":4,"column":40}}],"line":4},"2":{"loc":{"start":{"line":9,"column":21},"end":{"line":9,"column":52}},"type":"cond-expr","locations":[{"start":{"line":9,"column":47},"end":{"line":9,"column":48}},{"start":{"line":9,"column":51},"end":{"line":9,"column":52}}],"line":9}},"s":{"0":2,"1":17,"2":17,"3":3,"4":14,"5":14,"6":138,"7":14,"8":2},"f":{"0":17},"b":{"0":[3,14],"1":[17,16],"2":[17,121]},"_coverageSchema":"1a1c01bbd47fc00a2c39e90264f33305004495a9","hash":"7bd493ba65446e1b5110293d2ca32c3b4a0e09c7"}
,"/Users/Finley/RiderProjects/javascript/src/Eloquent Functions/Chapter 3/Even or Odd/is-even.component.js": {"path":"/Users/Finley/RiderProjects/javascript/src/Eloquent Functions/Chapter 3/Even or Odd/is-even.component.js","statementMap":{"0":{"start":{"line":1,"column":15},"end":{"line":10,"column":1}},"1":{"start":{"line":2,"column":4},"end":{"line":9,"column":5}},"2":{"start":{"line":4,"column":12},"end":{"line":4,"column":24}},"3":{"start":{"line":6,"column":12},"end":{"line":6,"column":25}},"4":{"start":{"line":8,"column":12},"end":{"line":8,"column":35}},"5":{"start":{"line":11,"column":0},"end":{"line":11,"column":24}}},"fnMap":{"0":{"name":"(anonymous_0)","decl":{"start":{"line":1,"column":15},"end":{"line":1,"column":16}},"loc":{"start":{"line":1,"column":24},"end":{"line":10,"column":1}},"line":1}},"branchMap":{"0":{"loc":{"start":{"line":2,"column":4},"end":{"line":9,"column":5}},"type":"switch","locations":[{"start":{"line":3,"column":8},"end":{"line":4,"column":24}},{"start":{"line":5,"column":8},"end":{"line":6,"column":25}},{"start":{"line":7,"column":8},"end":{"line":8,"column":35}}],"line":2}},"s":{"0":1,"1":66,"2":2,"3":2,"4":62,"5":1},"f":{"0":66},"b":{"0":[2,2,62]},"_coverageSchema":"1a1c01bbd47fc00a2c39e90264f33305004495a9","hash":"f5391357ba4b3dbd8bc29c28cfd3c7db15cf0dc5"}
,"/Users/Finley/RiderProjects/javascript/src/Eloquent Functions/Chapter 3/Minimum/minimum.component.js": {"path":"/Users/Finley/RiderProjects/javascript/src/Eloquent Functions/Chapter 3/Minimum/minimum.component.js","statementMap":{"0":{"start":{"line":1,"column":16},"end":{"line":11,"column":1}},"1":{"start":{"line":2,"column":4},"end":{"line":6,"column":5}},"2":{"start":{"line":3,"column":8},"end":{"line":3,"column":26}},"3":{"start":{"line":4,"column":11},"end":{"line":6,"column":5}},"4":{"start":{"line":5,"column":8},"end":{"line":5,"column":27}},"5":{"start":{"line":8,"column":4},"end":{"line":10,"column":5}},"6":{"start":{"line":9,"column":8},"end":{"line":9,"column":61}},"7":{"start":{"line":12,"column":0},"end":{"line":12,"column":25}}},"fnMap":{"0":{"name":"(anonymous_0)","decl":{"start":{"line":1,"column":16},"end":{"line":1,"column":17}},"loc":{"start":{"line":1,"column":45},"end":{"line":11,"column":1}},"line":1}},"branchMap":{"0":{"loc":{"start":{"line":2,"column":4},"end":{"line":6,"column":5}},"type":"if","locations":[{"start":{"line":2,"column":4},"end":{"line":6,"column":5}},{"start":{"line":4,"column":11},"end":{"line":6,"column":5}}],"line":2},"1":{"loc":{"start":{"line":2,"column":8},"end":{"line":2,"column":62}},"type":"binary-expr","locations":[{"start":{"line":2,"column":8},"end":{"line":2,"column":32}},{"start":{"line":2,"column":36},"end":{"line":2,"column":62}}],"line":2},"2":{"loc":{"start":{"line":4,"column":11},"end":{"line":6,"column":5}},"type":"if","locations":[{"start":{"line":4,"column":11},"end":{"line":6,"column":5}},{"start":{},"end":{}}],"line":4},"3":{"loc":{"start":{"line":8,"column":4},"end":{"line":10,"column":5}},"type":"if","locations":[{"start":{"line":8,"column":4},"end":{"line":10,"column":5}},{"start":{},"end":{}}],"line":8},"4":{"loc":{"start":{"line":8,"column":7},"end":{"line":8,"column":74}},"type":"binary-expr","locations":[{"start":{"line":8,"column":7},"end":{"line":8,"column":38}},{"start":{"line":8,"column":42},"end":{"line":8,"column":74}}],"line":8}},"s":{"0":1,"1":3,"2":2,"3":1,"4":0,"5":1,"6":1,"7":1},"f":{"0":3},"b":{"0":[2,1],"1":[3,2],"2":[0,1],"3":[1,0],"4":[1,1]},"_coverageSchema":"1a1c01bbd47fc00a2c39e90264f33305004495a9","hash":"092984e2c9471bbd8fa0b1681d92b45b34c47283"}
,"/Users/Finley/RiderProjects/javascript/src/Eloquent Functions/Chapter 4/Sum of a Range/range-sum.component.js": {"path":"/Users/Finley/RiderProjects/javascript/src/Eloquent Functions/Chapter 4/Sum of a Range/range-sum.component.js","statementMap":{"0":{"start":{"line":1,"column":14},"end":{"line":1,"column":48}},"1":{"start":{"line":2,"column":12},"end":{"line":2,"column":42}},"2":{"start":{"line":4,"column":17},"end":{"line":6,"column":1}},"3":{"start":{"line":5,"column":4},"end":{"line":5,"column":40}},"4":{"start":{"line":7,"column":0},"end":{"line":7,"column":26}}},"fnMap":{"0":{"name":"(anonymous_0)","decl":{"start":{"line":4,"column":17},"end":{"line":4,"column":18}},"loc":{"start":{"line":4,"column":39},"end":{"line":6,"column":1}},"line":4}},"branchMap":{},"s":{"0":1,"1":1,"2":1,"3":4,"4":1},"f":{"0":4},"b":{},"_coverageSchema":"1a1c01bbd47fc00a2c39e90264f33305004495a9","hash":"ce4bfdfbd013652c8f31e710e203ca6e1274dc7b"}
,"/Users/Finley/RiderProjects/javascript/src/Eloquent Functions/Chapter 4/Sum of a Range/Range/range.component.js": {"path":"/Users/Finley/RiderProjects/javascript/src/Eloquent Functions/Chapter 4/Sum of a Range/Range/range.component.js","statementMap":{"0":{"start":{"line":1,"column":14},"end":{"line":20,"column":1}},"1":{"start":{"line":2,"column":14},"end":{"line":2,"column":16}},"2":{"start":{"line":3,"column":4},"end":{"line":3,"column":59}},"3":{"start":{"line":5,"column":4},"end":{"line":17,"column":5}},"4":{"start":{"line":6,"column":8},"end":{"line":6,"column":18}},"5":{"start":{"line":8,"column":9},"end":{"line":17,"column":5}},"6":{"start":{"line":9,"column":8},"end":{"line":9,"column":23}},"7":{"start":{"line":11,"column":9},"end":{"line":17,"column":5}},"8":{"start":{"line":12,"column":8},"end":{"line":12,"column":61}},"9":{"start":{"line":12,"column":20},"end":{"line":12,"column":25}},"10":{"start":{"line":12,"column":49},"end":{"line":12,"column":61}},"11":{"start":{"line":15,"column":8},"end":{"line":15,"column":63}},"12":{"start":{"line":15,"column":20},"end":{"line":15,"column":23}},"13":{"start":{"line":15,"column":51},"end":{"line":15,"column":63}},"14":{"start":{"line":16,"column":8},"end":{"line":16,"column":22}},"15":{"start":{"line":19,"column":4},"end":{"line":19,"column":15}},"16":{"start":{"line":21,"column":0},"end":{"line":21,"column":23}}},"fnMap":{"0":{"name":"(anonymous_0)","decl":{"start":{"line":1,"column":14},"end":{"line":1,"column":15}},"loc":{"start":{"line":1,"column":36},"end":{"line":20,"column":1}},"line":1}},"branchMap":{"0":{"loc":{"start":{"line":3,"column":11},"end":{"line":3,"column":58}},"type":"cond-expr","locations":[{"start":{"line":3,"column":50},"end":{"line":3,"column":51}},{"start":{"line":3,"column":54},"end":{"line":3,"column":58}}],"line":3},"1":{"loc":{"start":{"line":3,"column":11},"end":{"line":3,"column":46}},"type":"binary-expr","locations":[{"start":{"line":3,"column":11},"end":{"line":3,"column":24}},{"start":{"line":3,"column":28},"end":{"line":3,"column":46}}],"line":3},"2":{"loc":{"start":{"line":5,"column":4},"end":{"line":17,"column":5}},"type":"if","locations":[{"start":{"line":5,"column":4},"end":{"line":17,"column":5}},{"start":{"line":8,"column":9},"end":{"line":17,"column":5}}],"line":5},"3":{"loc":{"start":{"line":5,"column":7},"end":{"line":5,"column":61}},"type":"binary-expr","locations":[{"start":{"line":5,"column":7},"end":{"line":5,"column":33}},{"start":{"line":5,"column":37},"end":{"line":5,"column":61}}],"line":5},"4":{"loc":{"start":{"line":8,"column":9},"end":{"line":17,"column":5}},"type":"if","locations":[{"start":{"line":8,"column":9},"end":{"line":17,"column":5}},{"start":{"line":11,"column":9},"end":{"line":17,"column":5}}],"line":8},"5":{"loc":{"start":{"line":11,"column":9},"end":{"line":17,"column":5}},"type":"if","locations":[{"start":{"line":11,"column":9},"end":{"line":17,"column":5}},{"start":{"line":14,"column":9},"end":{"line":17,"column":5}}],"line":11}},"s":{"0":2,"1":18,"2":18,"3":18,"4":6,"5":12,"6":4,"7":8,"8":6,"9":6,"10":31,"11":2,"12":2,"13":13,"14":2,"15":8,"16":2},"f":{"0":18},"b":{"0":[16,2],"1":[18,18],"2":[6,12],"3":[18,15],"4":[4,8],"5":[6,2]},"_coverageSchema":"1a1c01bbd47fc00a2c39e90264f33305004495a9","hash":"58dd2e5a6bb61c2be3ca703ed5b0495a87f0d351"}
,"/Users/Finley/RiderProjects/javascript/src/Eloquent Functions/Chapter 4/Sum of a Range/Sum/sum.component.js": {"path":"/Users/Finley/RiderProjects/javascript/src/Eloquent Functions/Chapter 4/Sum of a Range/Sum/sum.component.js","statementMap":{"0":{"start":{"line":1,"column":12},"end":{"line":9,"column":1}},"1":{"start":{"line":2,"column":14},"end":{"line":2,"column":15}},"2":{"start":{"line":4,"column":4},"end":{"line":6,"column":5}},"3":{"start":{"line":4,"column":17},"end":{"line":4,"column":18}},"4":{"start":{"line":5,"column":8},"end":{"line":5,"column":24}},"5":{"start":{"line":8,"column":4},"end":{"line":8,"column":15}},"6":{"start":{"line":10,"column":0},"end":{"line":10,"column":20}}},"fnMap":{"0":{"name":"(anonymous_0)","decl":{"start":{"line":1,"column":12},"end":{"line":1,"column":13}},"loc":{"start":{"line":1,"column":23},"end":{"line":9,"column":1}},"line":1}},"branchMap":{},"s":{"0":2,"1":8,"2":8,"3":8,"4":30,"5":8,"6":2},"f":{"0":8},"b":{},"_coverageSchema":"1a1c01bbd47fc00a2c39e90264f33305004495a9","hash":"0700c5ffcaa2a1cdb377bdd2e46eef789559d7f3"}
}
