TN:
SF:src/Chessboard/chessboard.component.js
FN:1,(anonymous_0)
FNF:1
FNH:1
FNDA:2,(anonymous_0)
DA:1,1
DA:2,2
DA:3,2
DA:4,2
DA:6,2
DA:7,11
DA:8,73
DA:9,38
DA:12,35
DA:15,73
DA:16,11
DA:21,2
DA:23,1
LF:13
LH:13
BRDA:1,0,0,1
BRDA:8,1,0,38
BRDA:8,1,1,35
BRDA:9,2,0,20
BRDA:9,2,1,18
BRDA:12,3,0,18
BRDA:12,3,1,17
BRDA:15,4,0,11
BRDA:15,4,1,62
BRF:9
BRH:9
end_of_record
TN:
SF:src/FizzBuzz/fizzbuzz.component.js
FN:1,(anonymous_0)
FN:2,(anonymous_1)
FN:5,(anonymous_2)
FNF:3
FNH:3
FNDA:5,(anonymous_0)
FNDA:500,(anonymous_1)
FNDA:500,(anonymous_2)
DA:1,1
DA:2,500
DA:5,1
DA:6,500
DA:7,500
DA:9,500
DA:10,500
DA:11,500
DA:13,500
DA:16,1
LF:10
LH:10
BRDA:9,0,0,135
BRDA:9,0,1,365
BRDA:9,1,0,500
BRDA:9,1,1,165
BRDA:10,2,0,70
BRDA:10,2,1,430
BRDA:10,3,0,500
BRDA:10,3,1,335
BRDA:11,4,0,30
BRDA:11,4,1,470
BRDA:11,5,0,500
BRDA:11,5,1,165
BRF:12
BRH:12
end_of_record
TN:
SF:src/Looping Triangle/looping-triangle.component.js
FN:1,LoopingTriangle
FNF:1
FNH:1
FNDA:3,LoopingTriangle
DA:2,3
DA:3,3
DA:4,3
DA:5,3
DA:7,3
DA:8,17
DA:9,17
DA:12,3
DA:14,1
LF:9
LH:9
BRDA:1,0,0,2
BRDA:1,1,0,2
BRDA:4,2,0,0
BRDA:4,2,1,3
BRDA:5,3,0,0
BRDA:5,3,1,3
BRF:6
BRH:4
end_of_record
TN:
SF:src/Minimum/minimum.component.js
FN:1,(anonymous_0)
FNF:1
FNH:1
FNDA:3,(anonymous_0)
DA:1,1
DA:2,3
DA:3,2
DA:4,1
DA:5,0
DA:8,1
DA:9,1
DA:12,1
LF:8
LH:7
BRDA:2,0,0,2
BRDA:2,0,1,1
BRDA:2,1,0,3
BRDA:2,1,1,2
BRDA:4,2,0,0
BRDA:4,2,1,1
BRDA:8,3,0,1
BRDA:8,3,1,0
BRDA:8,4,0,1
BRDA:8,4,1,0
BRF:10
BRH:7
end_of_record
