TN:
SF:src/Eloquent Functions/Chapter 2/Chessboard/chessboard.component.js
FN:1,(anonymous_0)
FNF:1
FNH:1
FNDA:2,(anonymous_0)
DA:1,1
DA:2,2
DA:3,2
DA:4,2
DA:6,2
DA:7,11
DA:8,73
DA:9,38
DA:12,35
DA:15,73
DA:16,11
DA:21,2
DA:23,1
LF:13
LH:13
BRDA:1,0,0,1
BRDA:8,1,0,38
BRDA:8,1,1,35
BRDA:9,2,0,20
BRDA:9,2,1,18
BRDA:12,3,0,18
BRDA:12,3,1,17
BRDA:15,4,0,11
BRDA:15,4,1,62
BRF:9
BRH:9
end_of_record
TN:
SF:src/Eloquent Functions/Chapter 2/FizzBuzz/fizzbuzz.component.js
FN:1,(anonymous_0)
FN:2,(anonymous_1)
FN:5,(anonymous_2)
FNF:3
FNH:3
FNDA:5,(anonymous_0)
FNDA:500,(anonymous_1)
FNDA:500,(anonymous_2)
DA:1,1
DA:2,500
DA:5,1
DA:6,500
DA:7,500
DA:9,500
DA:10,500
DA:11,500
DA:13,500
DA:16,1
LF:10
LH:10
BRDA:9,0,0,135
BRDA:9,0,1,365
BRDA:9,1,0,500
BRDA:9,1,1,165
BRDA:10,2,0,70
BRDA:10,2,1,430
BRDA:10,3,0,500
BRDA:10,3,1,335
BRDA:11,4,0,30
BRDA:11,4,1,470
BRDA:11,5,0,500
BRDA:11,5,1,165
BRF:12
BRH:12
end_of_record
TN:
SF:src/Eloquent Functions/Chapter 2/Looping Triangle/looping-triangle.component.js
FN:1,LoopingTriangle
FNF:1
FNH:1
FNDA:3,LoopingTriangle
DA:2,3
DA:3,3
DA:4,3
DA:5,3
DA:7,3
DA:8,17
DA:9,17
DA:12,3
DA:14,1
LF:9
LH:9
BRDA:1,0,0,2
BRDA:1,1,0,2
BRDA:4,2,0,0
BRDA:4,2,1,3
BRDA:5,3,0,0
BRDA:5,3,1,3
BRF:6
BRH:4
end_of_record
TN:
SF:src/Eloquent Functions/Chapter 3/Count Bs/count-bs.component.js
FN:3,(anonymous_0)
FNF:1
FNH:1
FNDA:8,(anonymous_0)
DA:1,1
DA:3,1
DA:4,8
DA:6,1
LF:4
LH:4
BRF:0
BRH:0
end_of_record
TN:
SF:src/Eloquent Functions/Chapter 3/Count Char/count-char.component.js
FN:1,(anonymous_0)
FNF:1
FNH:1
FNDA:17,(anonymous_0)
DA:1,2
DA:2,17
DA:4,17
DA:5,3
DA:8,14
DA:9,138
DA:12,14
DA:14,2
LF:8
LH:8
BRDA:4,0,0,3
BRDA:4,0,1,14
BRDA:4,1,0,17
BRDA:4,1,1,16
BRDA:9,2,0,17
BRDA:9,2,1,121
BRF:6
BRH:6
end_of_record
TN:
SF:src/Eloquent Functions/Chapter 3/Even or Odd/is-even.component.js
FN:1,(anonymous_0)
FNF:1
FNH:1
FNDA:66,(anonymous_0)
DA:1,1
DA:2,66
DA:4,2
DA:6,2
DA:8,62
DA:11,1
LF:6
LH:6
BRDA:2,0,0,2
BRDA:2,0,1,2
BRDA:2,0,2,62
BRF:3
BRH:3
end_of_record
TN:
SF:src/Eloquent Functions/Chapter 3/Minimum/minimum.component.js
FN:1,(anonymous_0)
FNF:1
FNH:1
FNDA:3,(anonymous_0)
DA:1,1
DA:2,3
DA:3,2
DA:4,1
DA:5,0
DA:8,1
DA:9,1
DA:12,1
LF:8
LH:7
BRDA:2,0,0,2
BRDA:2,0,1,1
BRDA:2,1,0,3
BRDA:2,1,1,2
BRDA:4,2,0,0
BRDA:4,2,1,1
BRDA:8,3,0,1
BRDA:8,3,1,0
BRDA:8,4,0,1
BRDA:8,4,1,1
BRF:10
BRH:8
end_of_record
TN:
SF:src/Eloquent Functions/Chapter 4/Sum of a Range/range-sum.component.js
FN:4,(anonymous_0)
FNF:1
FNH:1
FNDA:4,(anonymous_0)
DA:1,1
DA:2,1
DA:4,1
DA:5,4
DA:7,1
LF:5
LH:5
BRF:0
BRH:0
end_of_record
TN:
SF:src/Eloquent Functions/Chapter 4/Sum of a Range/Range/range.component.js
FN:1,(anonymous_0)
FNF:1
FNH:1
FNDA:18,(anonymous_0)
DA:1,2
DA:2,18
DA:3,18
DA:5,18
DA:6,6
DA:8,12
DA:9,4
DA:11,8
DA:12,31
DA:15,13
DA:16,2
DA:19,8
DA:21,2
LF:13
LH:13
BRDA:3,0,0,16
BRDA:3,0,1,2
BRDA:3,1,0,18
BRDA:3,1,1,18
BRDA:5,2,0,6
BRDA:5,2,1,12
BRDA:5,3,0,18
BRDA:5,3,1,15
BRDA:8,4,0,4
BRDA:8,4,1,8
BRDA:11,5,0,6
BRDA:11,5,1,2
BRF:12
BRH:12
end_of_record
TN:
SF:src/Eloquent Functions/Chapter 4/Sum of a Range/Sum/sum.component.js
FN:1,(anonymous_0)
FNF:1
FNH:1
FNDA:8,(anonymous_0)
DA:1,2
DA:2,8
DA:4,8
DA:5,30
DA:8,8
DA:10,2
LF:6
LH:6
BRF:0
BRH:0
end_of_record
